2020 Jul 30 13:09:04 switch %$ VDC-1 %$ %POAP-2-POAP_INFO: [FDO223907D2-F8:0F:6F:7D:DB:D7] - USB Initializing Success
2020 Jul 30 13:09:04 switch %$ VDC-1 %$ %POAP-2-POAP_INFO: [FDO223907D2-F8:0F:6F:7D:DB:D7] - USB disk not detected
2020 Jul 30 13:09:04 switch %$ VDC-1 %$ last message repeated 1 time
2020 Jul 30 13:09:04 switch %$ VDC-1 %$ %POAP-2-POAP_INFO: [FDO223907D2-F8:0F:6F:7D:DB:D7] - Start DHCP v6 session
2020 Jul 30 13:09:04 switch %$ VDC-1 %$ %POAP-2-POAP_DHCP_DISCOVER_START: [FDO223907D2-F8:0F:6F:7D:DB:D7] - POAP DHCP Discover phase started
2020 Jul 30 13:09:04 switch %$ VDC-1 %$ %POAP-2-POAP_FAILURE: [FDO223907D2-F8:0F:6F:7D:DB:D7] - POAP DHCP discover phase failed
2020 Jul 30 13:09:09 switch %$ VDC-1 %$ %POAP-2-POAP_INFO: [FDO223907D2-F8:0F:6F:7D:DB:D7] - USB Initializing Success
2020 Jul 30 13:09:09 switch %$ VDC-1 %$ %POAP-2-POAP_INFO: [FDO223907D2-F8:0F:6F:7D:DB:D7] - USB disk not detected
2020 Jul 30 13:09:09 switch %$ VDC-1 %$ last message repeated 1 time
2020 Jul 30 13:09:09 switch %$ VDC-1 %$ %POAP-2-POAP_INFO: [FDO223907D2-F8:0F:6F:7D:DB:D7] - Start DHCP v4 session
2020 Jul 30 13:09:09 switch %$ VDC-1 %$ %POAP-2-POAP_DHCP_DISCOVER_START: [FDO223907D2-F8:0F:6F:7D:DB:D7] - POAP DHCP Discover phase started
2020 Jul 30 13:09:09 switch %$ VDC-1 %$ %POAP-2-POAP_FAILURE: [FDO223907D2-F8:0F:6F:7D:DB:D7] - POAP DHCP discover phase failed


Abort Power On Auto Provisioning [yes - continue with normal setup, skip - bypass password and basic configuration, no - continue with Power On Auto Provisioning] (yes/skip/no)[no]: y2020 Jul 30 13:09:14 switch %$ VDC-1 %$ %POAP-2-POAP_INFO: [FDO223907D2-F8:0F:6F:7D:DB:D7] - USB Initializing Success
2020 Jul 30 13:09:14 switch %$ VDC-1 %$ %POAP-2-POAP_INFO: [FDO223907D2-F8:0F:6F:7D:DB:D7] - USB disk not detected
2020 Jul 30 13:09:14 switch %$ VDC-1 %$ last message repeated 1 time
2020 Jul 30 13:09:14 switch %$ VDC-1 %$ %POAP-2-POAP_INFO: [FDO223907D2-F8:0F:6F:7D:DB:D7] - Start DHCP v6 session
2020 Jul 30 13:09:14 switch %$ VDC-1 %$ %POAP-2-POAP_DHCP_DISCOVER_START: [FDO223907D2-F8:0F:6F:7D:DB:D7] - POAP DHCP Discover phase started
2020 Jul 30 13:09:14 switch %$ VDC-1 %$ %POAP-2-POAP_FAILURE: [FDO223907D2-F8:0F:6F:7D:DB:D7] - POAP DHCP discover phase failed
es2020 Jul 30 13:09:20 switch %$ VDC-1 %$ %POAP-2-POAP_INFO: [FDO223907D2-F8:0F:6F:7D:DB:D7] - USB Initializing Success
2020 Jul 30 13:09:20 switch %$ VDC-1 %$ %POAP-2-POAP_INFO: [FDO223907D2-F8:0F:6F:7D:DB:D7] - USB disk not detected
2020 Jul 30 13:09:20 switch %$ VDC-1 %$ last message repeated 1 time
2020 Jul 30 13:09:20 switch %$ VDC-1 %$ %POAP-2-POAP_INFO: [FDO223907D2-F8:0F:6F:7D:DB:D7] - Start DHCP v4 session
2020 Jul 30 13:09:20 switch %$ VDC-1 %$ %POAP-2-POAP_DHCP_DISCOVER_START: [FDO223907D2-F8:0F:6F:7D:DB:D7] - POAP DHCP Discover phase started
2020 Jul 30 13:09:20 switch %$ VDC-1 %$ %POAP-2-POAP_FAILURE: [FDO223907D2-F8:0F:6F:7D:DB:D7] - POAP DHCP discover phase failed
 

Abort Power On Auto Provisioning [yes - continue with normal setup, skip - bypass password and basic configuration, no - continue with Power On Auto Provisioning] (yes/skip/no)[no]: 2020 Jul 30 13:09:25 switch %$ VDC-1 %$ %POAP-2-POAP_INFO: [FDO223907D2-F8:0F:6F:7D:DB:D7] - USB Initializing Success
2020 Jul 30 13:09:25 switch %$ VDC-1 %$ %POAP-2-POAP_INFO: [FDO223907D2-F8:0F:6F:7D:DB:D7] - USB disk not detected
2020 Jul 30 13:09:25 switch %$ VDC-1 %$ last message repeated 1 time
2020 Jul 30 13:09:25 switch %$ VDC-1 %$ %POAP-2-POAP_INFO: [FDO223907D2-F8:0F:6F:7D:DB:D7] - Start DHCP v6 session
2020 Jul 30 13:09:25 switch %$ VDC-1 %$ %POAP-2-POAP_DHCP_DISCOVER_START: [FDO223907D2-F8:0F:6F:7D:DB:D7] - POAP DHCP Discover phase started
2020 Jul 30 13:09:25 switch %$ VDC-1 %$ %POAP-2-POAP_FAILURE: [FDO223907D2-F8:0F:6F:7D:DB:D7] - POAP DHCP discover phase failed


Abort Power On Auto Provisioning [yes - continue with normal setup, skip - bypass password and basic configuration, no - continue with Power On Auto Provisioning] (yes/skip/no)[no]: y
Disabling POAP.......2020 Jul 30 13:09:30 switch %$ VDC-1 %$ %POAP-2-POAP_INFO: [FDO223907D2-F8:0F:6F:7D:DB:D7] - USB Initializing Success
2020 Jul 30 13:09:30 switch %$ VDC-1 %$ %POAP-2-POAP_INFO: [FDO223907D2-F8:0F:6F:7D:DB:D7] - USB disk not detected
2020 Jul 30 13:09:30 switch %$ VDC-1 %$ last message repeated 1 time
2020 Jul 30 13:09:30 switch %$ VDC-1 %$ %POAP-2-POAP_INFO: [FDO223907D2-F8:0F:6F:7D:DB:D7] - Start DHCP v4 session
2020 Jul 30 13:09:30 switch %$ VDC-1 %$ %POAP-2-POAP_DHCP_DISCOVER_START: [FDO223907D2-F8:0F:6F:7D:DB:D7] - POAP DHCP Discover phase started
2020 Jul 30 13:09:30 switch %$ VDC-1 %$ %POAP-2-POAP_FAILURE: [FDO223907D2-F8:0F:6F:7D:DB:D7] - POAP DHCP discover phase failed
Disabling POAP
2020 Jul 30 13:09:35 switch %$ VDC-1 %$ %POAP-2-POAP_INFO: [FDO223907D2-F8:0F:6F:7D:DB:D7] - USB Initializing Success
2020 Jul 30 13:09:35 switch %$ VDC-1 %$ %POAP-2-POAP_INFO: [FDO223907D2-F8:0F:6F:7D:DB:D7] - USB disk not detected
2020 Jul 30 13:09:35 switch %$ VDC-1 %$ last message repeated 1 time
2020 Jul 30 13:09:35 switch %$ VDC-1 %$ %POAP-2-POAP_INFO: [FDO223907D2-F8:0F:6F:7D:DB:D7] - Start DHCP v6 session
2020 Jul 30 13:09:35 switch %$ VDC-1 %$ %POAP-2-POAP_DHCP_DISCOVER_START: [FDO223907D2-F8:0F:6F:7D:DB:D7] - POAP DHCP Discover phase started


         ---- System Admin Account Setup ----


Do you want to enforce secure password standard (yes/no) [y]: n

  Enter the password for "admin": 
  Confirm the password for "admin": 
  Admin password confirmation failed. Please try again.

  Enter the password for "admin": 
  Confirm the password for "admin": 

         ---- Basic System Configuration Dialog VDC: 1 ----

This setup utility will guide you through the basic configuration of
the system. Setup configures only enough connectivity for management
of the system.

Please register Cisco Nexus9000 Family devices promptly with your
supplier. Failure to register may affect response times for initial
service calls. Nexus9000 devices must be registered to receive 
entitled support services.

Press Enter at anytime to skip a dialog. Use ctrl-c at anytime
to skip the remaining dialogs.

 Would you like to enter the basic configuration dialog (yes/no): n

2020 Jul 30 13:10:41 switch %$ VDC-1 %$ %COPP-2-COPP_POLICY: Control-Plane is protected with policy copp-system-p-policy-strict.



User Access Verification
switch login: admin
Password: 

Cisco Nexus Operating System (NX-OS) Software
TAC support: http://www.cisco.com/tac
Copyright (C) 2002-2019, Cisco and/or its affiliates.
All rights reserved.
The copyrights to certain works contained in this software are
owned by other third parties and used and distributed under their own
licenses, such as open source.  This software is provided "as is," and unless
otherwise stated, there is no warranty, express or implied, including but not
limited to warranties of merchantability and fitness for a particular purpose.
Certain components of this software are licensed under
the GNU General Public License (GPL) version 2.0 or 
GNU General Public License (GPL) version 3.0  or the GNU
Lesser General Public License (LGPL) Version 2.1 or 
Lesser General Public License (LGPL) Version 2.0. 
A copy of each such license is available at
http://www.opensource.org/licenses/gpl-2.0.php and
http://opensource.org/licenses/gpl-3.0.html and
http://www.opensource.org/licenses/lgpl-2.1.php and
http://www.gnu.org/licenses/old-licenses/library.txt.
switch# 
switch# 
switch# 
switch# 
switch# 
switch# conf t
Enter configuration commands, one per line. End with CNTL/Z.
switch(config)# interface ethernet 1/1-44
switch(config-if-range)# switchport 
switch(config-if-range)# spanning-tree ?
  bpdufilter     Don't send or receive BPDUs on this interface
  bpduguard      Don't accept BPDUs on this interface
  cost           Change an interface's spanning tree port path cost
  guard          Change an interface's spanning tree guard mode
  link-type      Specify a link type for spanning tree tree protocol use
  mst            Multiple spanning tree
  port           Spanning tree port options
  port-priority  Change an interface's spanning tree port priority
  vlan           VLAN Switch Spanning Trees

switch(config-if-range)# spanning-tree por
port            port-priority   
switch(config-if-range)# spanning-tree port type edge 
Edge port type (portfast) should only be enabled on ports connected to a single
 host. Connecting hubs, concentrators, switches, bridges, etc...  to this
 interface when edge port type (portfast) is enabled, can cause temporary bridging loops.
 Use with CAUTION

Edge Port Type (Portfast) has been configured on Ethernet1/1 but will only
 have effect when the interface is in a non-trunking mode.

Edge port type (portfast) should only be enabled on ports connected to a single
 host. Connecting hubs, concentrators, switches, bridges, etc...  to this
 interface when edge port type (portfast) is enabled, can cause temporary bridging loops.
 Use with CAUTION

Edge Port Type (Portfast) has been configured on Ethernet1/2 but will only
 have effect when the interface is in a non-trunking mode.

Edge port type (portfast) should only be enabled on ports connected to a single
 host. Connecting hubs, concentrators, switches, bridges, etc...  to this
 interface when edge port type (portfast) is enabled, can cause temporary bridging loops.
 Use with CAUTION

Edge Port Type (Portfast) has been configured on Ethernet1/3 but will only
 have effect when the interface is in a non-trunking mode.

Edge port type (portfast) should only be enabled on ports connected to a single
 host. Connecting hubs, concentrators, switches, bridges, etc...  to this
 interface when edge port type (portfast) is enabled, can cause temporary bridging loops.
 Use with CAUTION

Edge Port Type (Portfast) has been configured on Ethernet1/4 but will only
 have effect when the interface is in a non-trunking mode.

Edge port type (portfast) should only be enabled on ports connected to a single
 host. Connecting hubs, concentrators, switches, bridges, etc...  to this
 interface when edge port type (portfast) is enabled, can cause temporary bridging loops.
 Use with CAUTION

Edge Port Type (Portfast) has been configured on Ethernet1/5 but will only
 have effect when the interface is in a non-trunking mode.

Edge port type (portfast) should only be enabled on ports connected to a single
 host. Connecting hubs, concentrators, switches, bridges, etc...  to this
 interface when edge port type (portfast) is enabled, can cause temporary bridging loops.
 Use with CAUTION

Edge Port Type (Portfast) has been configured on Ethernet1/6 but will only
 have effect when the interface is in a non-trunking mode.

Edge port type (portfast) should only be enabled on ports connected to a single
 host. Connecting hubs, concentrators, switches, bridges, etc...  to this
 interface when edge port type (portfast) is enabled, can cause temporary bridging loops.
 Use with CAUTION

Edge Port Type (Portfast) has been configured on Ethernet1/7 but will only
 have effect when the interface is in a non-trunking mode.

Edge port type (portfast) should only be enabled on ports connected to a single
 host. Connecting hubs, concentrators, switches, bridges, etc...  to this
 interface when edge port type (portfast) is enabled, can cause temporary bridging loops.
 Use with CAUTION

Edge Port Type (Portfast) has been configured on Ethernet1/8 but will only
 have effect when the interface is in a non-trunking mode.

Edge port type (portfast) should only be enabled on ports connected to a single
 host. Connecting hubs, concentrators, switches, bridges, etc...  to this
 interface when edge port type (portfast) is enabled, can cause temporary bridging loops.
 Use with CAUTION

Edge Port Type (Portfast) has been configured on Ethernet1/9 but will only
 have effect when the interface is in a non-trunking mode.

Edge port type (portfast) should only be enabled on ports connected to a single
 host. Connecting hubs, concentrators, switches, bridges, etc...  to this
 interface when edge port type (portfast) is enabled, can cause temporary bridging loops.
 Use with CAUTION

Edge Port Type (Portfast) has been configured on Ethernet1/10 but will only
 have effect when the interface is in a non-trunking mode.

Edge port type (portfast) should only be enabled on ports connected to a single
 host. Connecting hubs, concentrators, switches, bridges, etc...  to this
 interface when edge port type (portfast) is enabled, can cause temporary bridging loops.
 Use with CAUTION

Edge Port Type (Portfast) has been configured on Ethernet1/11 but will only
 have effect when the interface is in a non-trunking mode.

Edge port type (portfast) should only be enabled on ports connected to a single
 host. Connecting hubs, concentrators, switches, bridges, etc...  to this
 interface when edge port type (portfast) is enabled, can cause temporary bridging loops.
 Use with CAUTION

Edge Port Type (Portfast) has been configured on Ethernet1/12 but will only
 have effect when the interface is in a non-trunking mode.

Edge port type (portfast) should only be enabled on ports connected to a single
 host. Connecting hubs, concentrators, switches, bridges, etc...  to this
 interface when edge port type (portfast) is enabled, can cause temporary bridging loops.
 Use with CAUTION

Edge Port Type (Portfast) has been configured on Ethernet1/13 but will only
 have effect when the interface is in a non-trunking mode.

Edge port type (portfast) should only be enabled on ports connected to a single
 host. Connecting hubs, concentrators, switches, bridges, etc...  to this
 interface when edge port type (portfast) is enabled, can cause temporary bridging loops.
 Use with CAUTION

Edge Port Type (Portfast) has been configured on Ethernet1/14 but will only
 have effect when the interface is in a non-trunking mode.

Edge port type (portfast) should only be enabled on ports connected to a single
 host. Connecting hubs, concentrators, switches, bridges, etc...  to this
 interface when edge port type (portfast) is enabled, can cause temporary bridging loops.
 Use with CAUTION

Edge Port Type (Portfast) has been configured on Ethernet1/15 but will only
 have effect when the interface is in a non-trunking mode.

Edge port type (portfast) should only be enabled on ports connected to a single
 host. Connecting hubs, concentrators, switches, bridges, etc...  to this
 interface when edge port type (portfast) is enabled, can cause temporary bridging loops.
 Use with CAUTION

Edge Port Type (Portfast) has been configured on Ethernet1/16 but will only
 have effect when the interface is in a non-trunking mode.

Edge port type (portfast) should only be enabled on ports connected to a single
 host. Connecting hubs, concentrators, switches, bridges, etc...  to this
 interface when edge port type (portfast) is enabled, can cause temporary bridging loops.
 Use with CAUTION

Edge Port Type (Portfast) has been configured on Ethernet1/17 but will only
 have effect when the interface is in a non-trunking mode.

Edge port type (portfast) should only be enabled on ports connected to a single
 host. Connecting hubs, concentrators, switches, bridges, etc...  to this
 interface when edge port type (portfast) is enabled, can cause temporary bridging loops.
 Use with CAUTION

Edge Port Type (Portfast) has been configured on Ethernet1/18 but will only
 have effect when the interface is in a non-trunking mode.

Edge port type (portfast) should only be enabled on ports connected to a single
 host. Connecting hubs, concentrators, switches, bridges, etc...  to this
 interface when edge port type (portfast) is enabled, can cause temporary bridging loops.
 Use with CAUTION

Edge Port Type (Portfast) has been configured on Ethernet1/19 but will only
 have effect when the interface is in a non-trunking mode.

Edge port type (portfast) should only be enabled on ports connected to a single
 host. Connecting hubs, concentrators, switches, bridges, etc...  to this
 interface when edge port type (portfast) is enabled, can cause temporary bridging loops.
 Use with CAUTION

Edge Port Type (Portfast) has been configured on Ethernet1/20 but will only
 have effect when the interface is in a non-trunking mode.

Edge port type (portfast) should only be enabled on ports connected to a single
 host. Connecting hubs, concentrators, switches, bridges, etc...  to this
 interface when edge port type (portfast) is enabled, can cause temporary bridging loops.
 Use with CAUTION

Edge Port Type (Portfast) has been configured on Ethernet1/21 but will only
 have effect when the interface is in a non-trunking mode.

Edge port type (portfast) should only be enabled on ports connected to a single
 host. Connecting hubs, concentrators, switches, bridges, etc...  to this
 interface when edge port type (portfast) is enabled, can cause temporary bridging loops.
 Use with CAUTION

Edge Port Type (Portfast) has been configured on Ethernet1/22 but will only
 have effect when the interface is in a non-trunking mode.

Edge port type (portfast) should only be enabled on ports connected to a single
 host. Connecting hubs, concentrators, switches, bridges, etc...  to this
 interface when edge port type (portfast) is enabled, can cause temporary bridging loops.
 Use with CAUTION

Edge Port Type (Portfast) has been configured on Ethernet1/23 but will only
 have effect when the interface is in a non-trunking mode.

Edge port type (portfast) should only be enabled on ports connected to a single
 host. Connecting hubs, concentrators, switches, bridges, etc...  to this
 interface when edge port type (portfast) is enabled, can cause temporary bridging loops.
 Use with CAUTION

Edge Port Type (Portfast) has been configured on Ethernet1/24 but will only
 have effect when the interface is in a non-trunking mode.

Edge port type (portfast) should only be enabled on ports connected to a single
 host. Connecting hubs, concentrators, switches, bridges, etc...  to this
 interface when edge port type (portfast) is enabled, can cause temporary bridging loops.
 Use with CAUTION

Edge Port Type (Portfast) has been configured on Ethernet1/25 but will only
 have effect when the interface is in a non-trunking mode.

Edge port type (portfast) should only be enabled on ports connected to a single
 host. Connecting hubs, concentrators, switches, bridges, etc...  to this
 interface when edge port type (portfast) is enabled, can cause temporary bridging loops.
 Use with CAUTION

Edge Port Type (Portfast) has been configured on Ethernet1/26 but will only
 have effect when the interface is in a non-trunking mode.

Edge port type (portfast) should only be enabled on ports connected to a single
 host. Connecting hubs, concentrators, switches, bridges, etc...  to this
 interface when edge port type (portfast) is enabled, can cause temporary bridging loops.
 Use with CAUTION

Edge Port Type (Portfast) has been configured on Ethernet1/27 but will only
 have effect when the interface is in a non-trunking mode.

Edge port type (portfast) should only be enabled on ports connected to a single
 host. Connecting hubs, concentrators, switches, bridges, etc...  to this
 interface when edge port type (portfast) is enabled, can cause temporary bridging loops.
 Use with CAUTION

Edge Port Type (Portfast) has been configured on Ethernet1/28 but will only
 have effect when the interface is in a non-trunking mode.

Edge port type (portfast) should only be enabled on ports connected to a single
 host. Connecting hubs, concentrators, switches, bridges, etc...  to this
 interface when edge port type (portfast) is enabled, can cause temporary bridging loops.
 Use with CAUTION

Edge Port Type (Portfast) has been configured on Ethernet1/29 but will only
 have effect when the interface is in a non-trunking mode.

Edge port type (portfast) should only be enabled on ports connected to a single
 host. Connecting hubs, concentrators, switches, bridges, etc...  to this
 interface when edge port type (portfast) is enabled, can cause temporary bridging loops.
 Use with CAUTION

Edge Port Type (Portfast) has been configured on Ethernet1/30 but will only
 have effect when the interface is in a non-trunking mode.

Edge port type (portfast) should only be enabled on ports connected to a single
 host. Connecting hubs, concentrators, switches, bridges, etc...  to this
 interface when edge port type (portfast) is enabled, can cause temporary bridging loops.
 Use with CAUTION

Edge Port Type (Portfast) has been configured on Ethernet1/31 but will only
 have effect when the interface is in a non-trunking mode.

Edge port type (portfast) should only be enabled on ports connected to a single
 host. Connecting hubs, concentrators, switches, bridges, etc...  to this
 interface when edge port type (portfast) is enabled, can cause temporary bridging loops.
 Use with CAUTION

Edge Port Type (Portfast) has been configured on Ethernet1/32 but will only
 have effect when the interface is in a non-trunking mode.

Edge port type (portfast) should only be enabled on ports connected to a single
 host. Connecting hubs, concentrators, switches, bridges, etc...  to this
 interface when edge port type (portfast) is enabled, can cause temporary bridging loops.
 Use with CAUTION

Edge Port Type (Portfast) has been configured on Ethernet1/33 but will only
 have effect when the interface is in a non-trunking mode.

Edge port type (portfast) should only be enabled on ports connected to a single
 host. Connecting hubs, concentrators, switches, bridges, etc...  to this
 interface when edge port type (portfast) is enabled, can cause temporary bridging loops.
 Use with CAUTION

Edge Port Type (Portfast) has been configured on Ethernet1/34 but will only
 have effect when the interface is in a non-trunking mode.

Edge port type (portfast) should only be enabled on ports connected to a single
 host. Connecting hubs, concentrators, switches, bridges, etc...  to this
 interface when edge port type (portfast) is enabled, can cause temporary bridging loops.
 Use with CAUTION

Edge Port Type (Portfast) has been configured on Ethernet1/35 but will only
 have effect when the interface is in a non-trunking mode.

Edge port type (portfast) should only be enabled on ports connected to a single
 host. Connecting hubs, concentrators, switches, bridges, etc...  to this
 interface when edge port type (portfast) is enabled, can cause temporary bridging loops.
 Use with CAUTION

Edge Port Type (Portfast) has been configured on Ethernet1/36 but will only
 have effect when the interface is in a non-trunking mode.

Edge port type (portfast) should only be enabled on ports connected to a single
 host. Connecting hubs, concentrators, switches, bridges, etc...  to this
 interface when edge port type (portfast) is enabled, can cause temporary bridging loops.
 Use with CAUTION

Edge Port Type (Portfast) has been configured on Ethernet1/37 but will only
 have effect when the interface is in a non-trunking mode.

Edge port type (portfast) should only be enabled on ports connected to a single
 host. Connecting hubs, concentrators, switches, bridges, etc...  to this
 interface when edge port type (portfast) is enabled, can cause temporary bridging loops.
 Use with CAUTION

Edge Port Type (Portfast) has been configured on Ethernet1/38 but will only
 have effect when the interface is in a non-trunking mode.

Edge port type (portfast) should only be enabled on ports connected to a single
 host. Connecting hubs, concentrators, switches, bridges, etc...  to this
 interface when edge port type (portfast) is enabled, can cause temporary bridging loops.
 Use with CAUTION

Edge Port Type (Portfast) has been configured on Ethernet1/39 but will only
 have effect when the interface is in a non-trunking mode.

Edge port type (portfast) should only be enabled on ports connected to a single
 host. Connecting hubs, concentrators, switches, bridges, etc...  to this
 interface when edge port type (portfast) is enabled, can cause temporary bridging loops.
 Use with CAUTION

Edge Port Type (Portfast) has been configured on Ethernet1/40 but will only
 have effect when the interface is in a non-trunking mode.

Edge port type (portfast) should only be enabled on ports connected to a single
 host. Connecting hubs, concentrators, switches, bridges, etc...  to this
 interface when edge port type (portfast) is enabled, can cause temporary bridging loops.
 Use with CAUTION

Edge Port Type (Portfast) has been configured on Ethernet1/41 but will only
 have effect when the interface is in a non-trunking mode.

Edge port type (portfast) should only be enabled on ports connected to a single
 host. Connecting hubs, concentrators, switches, bridges, etc...  to this
 interface when edge port type (portfast) is enabled, can cause temporary bridging loops.
 Use with CAUTION

Edge Port Type (Portfast) has been configured on Ethernet1/42 but will only
 have effect when the interface is in a non-trunking mode.

Edge port type (portfast) should only be enabled on ports connected to a single
 host. Connecting hubs, concentrators, switches, bridges, etc...  to this
 interface when edge port type (portfast) is enabled, can cause temporary bridging loops.
 Use with CAUTION

Edge Port Type (Portfast) has been configured on Ethernet1/43 but will only
 have effect when the interface is in a non-trunking mode.

Edge port type (portfast) should only be enabled on ports connected to a single
 host. Connecting hubs, concentrators, switches, bridges, etc...  to this
 interface when edge port type (portfast) is enabled, can cause temporary bridging loops.
 Use with CAUTION

Edge Port Type (Portfast) has been configured on Ethernet1/44 but will only
 have effect when the interface is in a non-trunking mode.

switch(config-if-range)# exit
switch(config)# interface ethernet 1/1-44
switch(config-if-range)# no shutdown 
switch(config-if-range)# exit
switch(config)# interface ethernet 1/49
switch(config-if)# switchport 
switch(config-if)# spanning-tree po
port            port-priority   
switch(config-if)# spanning-tree port type normal 
switch(config-if)# end
switch# copy run startup-config 
[########################################] 100%
Copy complete, now saving to disk (please wait)...
Copy complete.
switch# reaload
          ^
% Invalid command at '^' marker.
switch# reload
This command will reboot the system. (y/n)?  [n] y
2020 Jul 30 13:39:36 switch %$ VDC-1 %$ %PLATFORM-2-PFM_SYSTEM_RESET: Manual system restart from Command Line Interface
